RootUninstaller/proguard/seeds.txt
com.smartapp.rootuninstaller.MainActivity
com.smartapp.rootuninstaller.MainActivity: MainActivity()
com.smartapp.rootuninstaller.ui.PagerActionBar
com.smartapp.rootuninstaller.ui.PagerActionBar: android.graphics.Paint mPaint
com.smartapp.rootuninstaller.ui.PagerActionBar: int mTitleTextColor
com.smartapp.rootuninstaller.ui.PagerActionBar: int mSelectedItemTextColor
com.smartapp.rootuninstaller.ui.PagerActionBar: int mFooterSeparatorColor
com.smartapp.rootuninstaller.ui.PagerActionBar: int mSelectorColor
com.smartapp.rootuninstaller.ui.PagerActionBar: float mFooterSeparatorLineWeight
com.smartapp.rootuninstaller.ui.PagerActionBar: float mTitleTextSize
com.smartapp.rootuninstaller.ui.PagerActionBar: float mHeaderPadding
com.smartapp.rootuninstaller.ui.PagerActionBar: float mFooterPadding
com.smartapp.rootuninstaller.ui.PagerActionBar: android.graphics.Rect mSelectorRect
com.smartapp.rootuninstaller.ui.PagerActionBar: int mScrollState
com.smartapp.rootuninstaller.ui.PagerActionBar: int mCurrentPage
com.smartapp.rootuninstaller.ui.PagerActionBar: int mPageScrollTo
com.smartapp.rootuninstaller.ui.PagerActionBar: float mCurrentOffsetPercent
com.smartapp.rootuninstaller.ui.PagerActionBar: int mCurrentOffsetPixels
com.smartapp.rootuninstaller.ui.PagerActionBar: boolean mScrolling
com.smartapp.rootuninstaller.ui.PagerActionBar: boolean mScrollToLeft
com.smartapp.rootuninstaller.ui.PagerActionBar: float mLastMotionX
com.smartapp.rootuninstaller.ui.PagerActionBar: boolean mIsPressed
com.smartapp.rootuninstaller.ui.PagerActionBar: boolean mIsDragging
com.smartapp.rootuninstaller.ui.TitlePagerActionBar
com.smartapp.rootuninstaller.ui.TitlePagerActionBar: float mFooterUnderlineWeight
com.smartapp.rootuninstaller.ui.TitlePagerActionBar: float mFooterUnderlinePadding
com.smartapp.rootuninstaller.ui.TitlePagerActionBar: int mFooterUnderlineColor
com.smartapp.rootuninstaller.ui.TitlePagerActionBar: android.graphics.Paint mPaint
com.smartapp.rootuninstaller.ui.TitlePagerActionBar: TitlePagerActionBar(android.content.Context)
com.smartapp.rootuninstaller.ui.TitlePagerActionBar: TitlePagerActionBar(android.content.Context,android.util.AttributeSet)
com.smartapp.rootuninstaller.ui.TitlePagerActionBar: TitlePagerActionBar(android.content.Context,android.util.AttributeSet,int)
com.smartapp.rootuninstaller.ui.TitlePagerActionBar: void setFooterIndicatorLineWeight(float)
com.smartapp.rootuninstaller.ui.TitlePagerActionBar: float getFooterIndicatorLineWeight()
com.smartapp.rootuninstaller.ui.TitlePagerActionBar: void setFooterUnderlineColor(int)
com.smartapp.rootuninstaller.ui.TitlePagerActionBar: int getFooterUnderlineColor()
com.smartapp.rootuninstaller.ui.TitlePagerActionBar: void setFooterUnderlinePadding(float)
com.smartapp.rootuninstaller.ui.TitlePagerActionBar: float getFooterUnderlinePadding()
com.smartapp.rootuninstaller.ui.TitlePagerActionBar: void positionSelector(int)
com.smartapp.rootuninstaller.ui.TitlePagerActionBar: void drawFooterIndicator(android.graphics.Canvas)
...
android.support.v4.view.ViewCompat$ViewCompatImpl
android.support.v4.view.ViewCompat$ViewCompatImpl: boolean canScrollHorizontally(android.view.View,int)
android.support.v4.view.ViewCompat$ViewCompatImpl: boolean canScrollVertically(android.view.View,int)
android.support.v4.view.ViewCompat$ViewCompatImpl: int getOverScrollMode(android.view.View)
android.support.v4.view.ViewCompat$ViewCompatImpl: void setOverScrollMode(android.view.View,int)
android.support.v4.view.ViewCompat$ViewCompatImpl: void onInitializeAccessibilityEvent(android.view.View,android.view.accessibility.AccessibilityEvent)
android.support.v4.view.ViewCompat$ViewCompatImpl: void onPopulateAccessibilityEvent(android.view.View,android.view.accessibility.AccessibilityEvent)
android.support.v4.view.ViewCompat$ViewCompatImpl: void onInitializeAccessibilityNodeInfo(android.view.View,android.support.v4.view.accessibility.AccessibilityNodeInfoCompat)
android.support.v4.view.ViewCompat$ViewCompatImpl: void setAccessibilityDelegate(android.view.View,android.support.v4.view.AccessibilityDelegateCompat)
android.support.v4.view.ViewCompat$ViewCompatImpl: boolean hasTransientState(android.view.View)
android.support.v4.view.ViewCompat$ViewCompatImpl: void setHasTransientState(android.view.View,boolean)
android.support.v4.view.ViewCompat$ViewCompatImpl: void postInvalidateOnAnimation(android.view.View)
android.support.v4.view.ViewCompatEclairMr1
android.support.v4.view.ViewCompatEclairMr1: ViewCompatEclairMr1()
android.support.v4.view.ViewCompatEclairMr1: boolean isOpaque(android.view.View)
android.support.v4.view.ViewCompatGingerbread
android.support.v4.view.ViewCompatGingerbread: ViewCompatGingerbread()
android.support.v4.view.ViewCompatGingerbread: int getOverScrollMode(android.view.View)
android.support.v4.view.ViewCompatGingerbread: void setOverScrollMode(android.view.View,int)
android.support.v4.view.ViewCompatHC
android.support.v4.view.ViewCompatHC: ViewCompatHC()
android.support.v4.view.ViewCompatHC: long getFrameTime()
android.support.v4.view.ViewCompatHC: float getAlpha(android.view.View)
android.support.v4.view.ViewCompatHC: void setLayerType(android.view.View,int,android.graphics.Paint)
android.support.v4.view.ViewCompatHC: int getLayerType(android.view.View)
android.support.v4.view.ViewCompatICS
android.support.v4.view.ViewCompatICS: ViewCompatICS()
android.support.v4.view.ViewCompatICS: boolean canScrollHorizontally(android.view.View,int)
android.support.v4.view.ViewCompatICS: boolean canScrollVertically(android.view.View,int)
android.support.v4.view.ViewCompatICS: void setAccessibilityDelegate(android.view.View,java.lang.Object)
android.support.v4.view.ViewCompatICS: void onPopulateAccessibilityEvent(android.view.View,android.view.accessibility.AccessibilityEvent)
android.support.v4.view.ViewCompatICS: void onInitializeAccessibilityEvent(android.view.View,android.view.accessibility.AccessibilityEvent)
android.support.v4.view.ViewCompatICS: void onInitializeAccessibilityNodeInfo(android.view.View,java.lang.Object)