RootUninstaller/proguard/mapping.txt
com.smartapp.rootuninstaller.AppTaskThread -> com.smartapp.rootuninstaller.a:
    android.content.Context mContext -> a
    java.util.List mList -> b
    int mAction -> c
    int mSuccessfulTaskCount -> d
    android.app.AlertDialog mProgressDialog -> e
    android.widget.ProgressBar mProgressBar -> f
    android.widget.TextView mMessageView -> g
    android.widget.TextView mProgressPercent -> h
    android.os.Handler mHandler -> i
    boolean mCancel -> j
    boolean mEnd -> k
    92:112:void run() -> run
    116:141:void onProgressUpdate(int) -> a
    147:166:void createProgressDialog(int) -> b
    169:172:void dismissDialog() -> a
    175:189:void showResultToast() -> b
    195:196:void refreshAppList() -> c
    202:205:void onPostProcess() -> d
    40:40:java.util.List access$0(com.smartapp.rootuninstaller.AppTaskThread) -> a
    52:52:android.app.AlertDialog access$1(com.smartapp.rootuninstaller.AppTaskThread) -> b
    146:146:void access$2(com.smartapp.rootuninstaller.AppTaskThread,int) -> a
    60:60:android.widget.TextView access$3(com.smartapp.rootuninstaller.AppTaskThread) -> c
    64:64:android.widget.TextView access$4(com.smartapp.rootuninstaller.AppTaskThread) -> d
    56:56:android.widget.ProgressBar access$5(com.smartapp.rootuninstaller.AppTaskThread) -> e
    74:74:boolean access$6(com.smartapp.rootuninstaller.AppTaskThread) -> f
    168:168:void access$7(com.smartapp.rootuninstaller.AppTaskThread) -> g
com.smartapp.rootuninstaller.AppTaskThread$1 -> com.smartapp.rootuninstaller.b:
    com.smartapp.rootuninstaller.AppTaskThread this$0 -> a
    int val$index -> b
    120:139:void run() -> run
com.smartapp.rootuninstaller.AppTaskThread$2 -> com.smartapp.rootuninstaller.c:
    com.smartapp.rootuninstaller.AppTaskThread this$0 -> a
    158:159:void onClick(android.content.DialogInterface,int) -> onClick
com.smartapp.rootuninstaller.AppTaskThread$3 -> com.smartapp.rootuninstaller.d:
    com.smartapp.rootuninstaller.AppTaskThread this$0 -> a
    179:187:void run() -> run
com.smartapp.rootuninstaller.IListAdapter -> com.smartapp.rootuninstaller.e:
    int mType -> a
    java.util.List mDataSource -> b
    android.content.Context mContext -> c
    android.view.LayoutInflater mInflater -> d
    android.os.Handler mHandler -> e
    68:76:void update(java.util.List) -> a
    80:80:int getCount() -> getCount
    85:85:java.lang.Object getItem(int) -> getItem
    90:90:long getItemId(int) -> getItemId
    95:187:android.view.View getView(int,android.view.View,android.view.ViewGroup) -> getView
    194:200:int getSelectCount() -> a
    207:213:java.util.List getSelectBeans() -> b
    51:51:android.os.Handler access$0(com.smartapp.rootuninstaller.IListAdapter) -> a
com.smartapp.rootuninstaller.IListAdapter$1 -> com.smartapp.rootuninstaller.f:
    com.smartapp.rootuninstaller.IListAdapter this$0 -> a
    android.widget.ImageView val$icon -> b
    111:114:void imageLoad(java.lang.String,android.graphics.drawable.Drawable) -> a
com.smartapp.rootuninstaller.IListAdapter$2 -> com.smartapp.rootuninstaller.g:
    com.smartapp.rootuninstaller.IListAdapter this$0 -> a
    179:185:void onCheckedChanged(android.widget.CompoundButton,boolean) -> onCheckedChanged
...
com.google.ads.InterstitialAd -> com.google.ads.InterstitialAd:
    com.google.ads.internal.d a -> a
    108:108:boolean isReady() -> isReady
    120:121:void loadAd(com.google.ads.AdRequest) -> loadAd
    130:131:void show() -> show
    142:143:void setAdListener(com.google.ads.AdListener) -> setAdListener
    151:152:void setAppEventListener(com.google.ads.AppEventListener) -> setAppEventListener
    161:162:void stopLoading() -> stopLoading
com.google.ads.SwipeableAdListener -> com.google.ads.SwipeableAdListener:
    void onAdActivated(com.google.ads.Ad) -> onAdActivated
    void onAdDeactivated(com.google.ads.Ad) -> onAdDeactivated
com.google.ads.a -> com.google.ads.a:
    java.lang.String a -> a
    java.lang.String b -> b
    java.util.List c -> c
    java.util.List d -> d
    java.util.HashMap e -> e
    52:52:java.lang.String a() -> a
    56:56:java.lang.String b() -> b
    60:60:java.util.List c() -> c
    64:64:java.util.List d() -> d
    68:68:java.util.HashMap e() -> e
com.google.ads.aa -> com.google.ads.aa:
    25:57:void a(com.google.ads.internal.d,java.util.HashMap,android.webkit.WebView) -> a
com.google.ads.ab -> com.google.ads.ab:
    28:50:void a(com.google.ads.internal.d,java.util.HashMap,android.webkit.WebView) -> a
com.google.ads.ac -> com.google.ads.ac:
    com.google.ads.internal.a a -> a
    50:61:int a(java.util.HashMap,java.lang.String,int,android.util.DisplayMetrics) -> a
    72:170:void a(com.google.ads.internal.d,java.util.HashMap,android.webkit.WebView) -> a
com.google.ads.ae -> com.google.ads.ae:
    android.content.Context a -> a
    java.lang.String b -> b
    41:41:java.net.HttpURLConnection a(java.net.URL) -> a
    53:76:void run() -> run
com.google.ads.af -> com.google.ads.af:
    java.lang.ref.WeakReference a -> a
    44:50:void run() -> run
com.google.ads.ag -> com.google.ads.ag:
    int a -> a
    int b -> b
    int c -> c
    int d -> d
    int e -> e
    int f -> f
    int g -> g
    int h -> h
    int i -> i
    int j -> j
    int k -> k
    int l -> l
    int m -> m
    int n -> n
    int o -> o
    int p -> p
    int q -> q
    int r -> r
    int s -> s
    int t -> t
    int u -> u
    int v -> v
    int w -> w
    int x -> x
    int y -> y
    int z -> z
    int A -> A
    int B -> B
    int C -> C
    int D -> D
    int E -> E
    int F -> F
    int G -> G
    int H -> H
    int I -> I
    int J -> J
    int K -> K
    int L -> L
    int M -> M
    int N -> N
    int O -> O
    int P -> P
    int Q -> Q
    int R -> R
    int S -> S
    int T -> T
    int U -> U
    int V -> V
    int W -> W
    int X -> X
    int Y -> Y
    int Z -> Z
    int aa -> aa
    int ab -> ab
    int ac -> ac
    int ad -> ad
    int ae -> ae
    int af -> af
    int ag -> ag
    int ah -> ah
    int ai -> ai
    int aj -> aj
    int ak -> ak
    int al -> al
    int am -> am
    int an -> an
    int ao -> ao
    int ap -> ap
    int aq -> aq
    int ar -> ar
    int as -> as
    int at -> at
    int au -> au
    int av -> av
    int aw -> aw
    int ax -> ax
    int ay -> ay
    int az -> az
    int aA -> aA
    int aB -> aB
    int aC -> aC
    int aD -> aD
    int aE -> aE
    int aF -> aF
    int aG -> aG
    int aH -> aH
com.google.ads.ag$1 -> com.google.ads.ag$1:
com.google.ads.ag$a -> com.google.ads.ag$a:
    void a(byte[],byte[]) -> a
com.google.ads.ag$b -> com.google.ads.ag$b:
    com.google.ads.ag a -> a
    36:1036:void a(byte[],byte[]) -> a
com.google.ads.ag$c -> com.google.ads.ag$c:
    com.google.ads.ag a -> a
    1041:2041:void a(byte[],byte[]) -> a
com.google.ads.ag$d -> com.google.ads.ag$d:
    com.google.ads.ag a -> a
    10086:11086:void a(byte[],byte[]) -> a
com.google.ads.ag$e -> com.google.ads.ag$e:
    com.google.ads.ag a -> a
    11091:11415:void a(byte[],byte[]) -> a